<?xml version="1.0" encoding="UTF-8"?>
<!-- Generated by org.testng.reporters.JUnitReportReporter -->
<testsuite skipped="0" hostname="QQSPLOXLTP0041" name="com.pageobject.tc_99" tests="2" failures="0" timestamp="09 Sep 2022 11:00:26 GMT" time="33.597" errors="0">
  <testcase name="opencode" time="12.931" classname="com.pageobject.tc_99"/>
  <testcase name="tc99" time="20.666" classname="com.pageobject.tc_99"/>
</testsuite> <!-- com.pageobject.tc_99 -->
