<?xml version="1.0" encoding="UTF-8"?>
<!-- Generated by org.testng.reporters.JUnitReportReporter -->
<testsuite skipped="0" hostname="QQSPLOXLTP0041" name="com.pageobject.tc_8" tests="2" failures="0" timestamp="09 Sep 2022 10:57:46 GMT" time="25.867" errors="0">
  <testcase name="opencode" time="12.700" classname="com.pageobject.tc_8"/>
  <testcase name="tc8" time="13.167" classname="com.pageobject.tc_8"/>
</testsuite> <!-- com.pageobject.tc_8 -->
