<?xml version="1.0" encoding="UTF-8"?>
<!-- Generated by org.testng.reporters.JUnitReportReporter -->
<testsuite skipped="0" hostname="QQSPLOXLTP0041" name="com.pageobject.tc_7" tests="2" failures="0" timestamp="09 Sep 2022 10:56:59 GMT" time="32.423" errors="0">
  <testcase name="tc7" time="19.486" classname="com.pageobject.tc_7"/>
  <testcase name="opencode" time="12.937" classname="com.pageobject.tc_7"/>
</testsuite> <!-- com.pageobject.tc_7 -->
