<?xml version="1.0" encoding="UTF-8"?>
<!-- Generated by org.testng.reporters.JUnitReportReporter -->
<testsuite skipped="0" hostname="QQSPLOXLTP0041" name="com.pageobject.tc_5" tests="2" failures="0" timestamp="09 Sep 2022 10:56:07 GMT" time="34.034" errors="0">
  <testcase name="opencode" time="15.455" classname="com.pageobject.tc_5"/>
  <testcase name="tc5" time="18.579" classname="com.pageobject.tc_5"/>
</testsuite> <!-- com.pageobject.tc_5 -->
