<?xml version="1.0" encoding="UTF-8"?>
<!-- Generated by org.testng.reporters.JUnitReportReporter -->
<testsuite skipped="0" hostname="QQSPLOXLTP0041" name="com.pageobject.tc_2" tests="2" failures="0" timestamp="09 Sep 2022 10:54:00 GMT" time="45.114" errors="0">
  <testcase name="opencode" time="16.232" classname="com.pageobject.tc_2"/>
  <testcase name="tc2" time="28.882" classname="com.pageobject.tc_2"/>
</testsuite> <!-- com.pageobject.tc_2 -->
