<?xml version="1.0" encoding="UTF-8"?>
<!-- Generated by org.testng.reporters.JUnitReportReporter -->
<testsuite skipped="0" hostname="QQSPLOXLTP0041" name="com.pageobject.tc_9" tests="2" failures="0" timestamp="09 Sep 2022 10:59:33 GMT" time="32.823" errors="0">
  <testcase name="opencode" time="12.819" classname="com.pageobject.tc_9"/>
  <testcase name="tc9" time="20.004" classname="com.pageobject.tc_9"/>
</testsuite> <!-- com.pageobject.tc_9 -->
