<?xml version="1.0" encoding="UTF-8"?>
<!-- Generated by org.testng.reporters.JUnitReportReporter -->
<testsuite skipped="0" hostname="QQSPLOXLTP0041" name="com.pageobject.tc_1" tests="2" failures="0" timestamp="09 Sep 2022 10:52:53 GMT" time="60.407" errors="0">
  <testcase name="opencode" time="21.805" classname="com.pageobject.tc_1"/>
  <testcase name="tc1" time="38.602" classname="com.pageobject.tc_1"/>
</testsuite> <!-- com.pageobject.tc_1 -->
