<?xml version="1.0" encoding="UTF-8"?>
<!-- Generated by org.testng.reporters.JUnitReportReporter -->
<testsuite skipped="0" hostname="QQSPLOXLTP0041" name="com.utility.baseclass" tests="1" failures="0" timestamp="08 Sep 2022 11:29:23 GMT" time="46.289" errors="0">
  <testcase name="opencode" time="46.289" classname="com.utility.baseclass"/>
</testsuite> <!-- com.utility.baseclass -->
