<?xml version="1.0" encoding="UTF-8"?>
<!-- Generated by org.testng.reporters.JUnitReportReporter -->
<testsuite skipped="0" hostname="QQSPLOXLTP0041" name="com.pageobject.tc_6" tests="2" failures="0" timestamp="09 Sep 2022 09:59:53 GMT" time="34.373" errors="0">
  <testcase name="tc6" time="23.164" classname="com.pageobject.tc_6"/>
  <testcase name="opencode" time="11.209" classname="com.pageobject.tc_6"/>
</testsuite> <!-- com.pageobject.tc_6 -->
