<?xml version="1.0" encoding="UTF-8"?>
<!-- Generated by org.testng.reporters.JUnitReportReporter -->
<testsuite skipped="0" hostname="QQSPLOXLTP0041" name="com.pageobject.tc_10" tests="2" failures="0" timestamp="07 Sep 2022 07:28:47 GMT" time="41.500" errors="0">
  <testcase name="opencode" time="32.809" classname="com.pageobject.tc_10"/>
  <testcase name="tc10" time="8.691" classname="com.pageobject.tc_10"/>
</testsuite> <!-- com.pageobject.tc_10 -->
